

============================== 2023-01-18 15:56:56.665136 | 07e85c74-b5ec-4297-b3a9-f5e2ccdf0e7f ==============================
[0m15:56:56.665136 [info ] [MainThread]: Running with dbt=1.3.2
[0m15:56:56.667130 [debug] [MainThread]: running dbt with arguments {'write_json': True, 'use_colors': True, 'printer_width': 80, 'version_check': True, 'partial_parse': True, 'static_parser': True, 'profiles_dir': 'C:\\Users\\Moladin\\.dbt', 'send_anonymous_usage_stats': True, 'event_buffer_size': 100000, 'quiet': False, 'no_print': False, 'cache_selected_only': False, 'project_name': 'dbt_learn', 'skip_profile_setup': False, 'which': 'init', 'indirect_selection': 'eager'}
[0m15:56:56.667130 [debug] [MainThread]: Tracking: tracking
[0m15:56:56.723785 [debug] [MainThread]: Sending event: {'category': 'dbt', 'action': 'invocation', 'label': 'start', 'context': [<snowplow_tracker.self_describing_json.SelfDescribingJson object at 0x000002BB5AD20CD0>, <snowplow_tracker.self_describing_json.SelfDescribingJson object at 0x000002BB5AD20D60>, <snowplow_tracker.self_describing_json.SelfDescribingJson object at 0x000002BB5AD20F70>]}
[0m15:56:56.724731 [info ] [MainThread]: Creating dbt configuration folder at C:\Users\Moladin\.dbt
[0m15:56:56.728738 [debug] [MainThread]: Flushing usage events


============================== 2023-01-18 16:00:43.770191 | 8a881ce3-7aa9-4a71-8332-630692c1d7d4 ==============================
[0m16:00:43.770191 [info ] [MainThread]: Running with dbt=1.3.2
[0m16:00:43.771691 [debug] [MainThread]: running dbt with arguments {'write_json': True, 'use_colors': True, 'printer_width': 80, 'version_check': True, 'partial_parse': True, 'static_parser': True, 'profiles_dir': 'C:\\Users\\Moladin\\.dbt', 'send_anonymous_usage_stats': True, 'event_buffer_size': 100000, 'quiet': False, 'no_print': False, 'cache_selected_only': False, 'project_name': 'dbt_learn', 'skip_profile_setup': False, 'which': 'init', 'indirect_selection': 'eager'}
[0m16:00:43.772361 [debug] [MainThread]: Tracking: tracking
[0m16:00:43.851854 [debug] [MainThread]: Sending event: {'category': 'dbt', 'action': 'invocation', 'label': 'start', 'context': [<snowplow_tracker.self_describing_json.SelfDescribingJson object at 0x000002B603B32670>, <snowplow_tracker.self_describing_json.SelfDescribingJson object at 0x000002B603B329D0>, <snowplow_tracker.self_describing_json.SelfDescribingJson object at 0x000002B603B326D0>]}
[0m16:00:43.857327 [debug] [MainThread]: Starter project path: C:\Users\Moladin\miniconda3\envs\dbt_learn\lib\site-packages\dbt\include\starter_project
[0m16:01:08.704207 [info ] [MainThread]: Profile dbt_learn written to C:\Users\Moladin\.dbt\profiles.yml using target's sample configuration. Once updated, you'll be able to start developing with dbt.
[0m16:01:08.706234 [info ] [MainThread]: 
Your new dbt project "dbt_learn" was created!

For more information on how to configure the profiles.yml file,
please consult the dbt documentation here:

  https://docs.getdbt.com/docs/configure-your-profile

One more thing:

Need help? Don't hesitate to reach out to us via GitHub issues or on Slack:

  https://community.getdbt.com/

Happy modeling!

[0m16:01:08.710015 [debug] [MainThread]: Sending event: {'category': 'dbt', 'action': 'invocation', 'label': 'end', 'context': [<snowplow_tracker.self_describing_json.SelfDescribingJson object at 0x000002B603B32730>, <snowplow_tracker.self_describing_json.SelfDescribingJson object at 0x000002B603B32790>, <snowplow_tracker.self_describing_json.SelfDescribingJson object at 0x000002B603B32550>]}
[0m16:01:08.712263 [debug] [MainThread]: Flushing usage events
